<?xml version="1.0" encoding="UTF-8"?>
<!-- Generated by org.testng.reporters.JUnitReportReporter -->
<testsuite hostname="DESKTOP-6GJR34A" failures="0" tests="10" name="com.nk.dao.InvocationCountTest" time="0.016" errors="0" timestamp="2022-03-27T15:51:52 IST" skipped="0">
  <testcase classname="com.nk.dao.InvocationCountTest" name="sum" time="0.001"/>
  <system-out/>
  <testcase classname="com.nk.dao.InvocationCountTest" name="sum" time="0.001"/>
  <system-out/>
  <testcase classname="com.nk.dao.InvocationCountTest" name="sum" time="0.008"/>
  <system-out/>
  <testcase classname="com.nk.dao.InvocationCountTest" name="sum" time="0.001"/>
  <system-out/>
  <testcase classname="com.nk.dao.InvocationCountTest" name="sum" time="0.001"/>
  <system-out/>
  <testcase classname="com.nk.dao.InvocationCountTest" name="sum" time="0.001"/>
  <system-out/>
  <testcase classname="com.nk.dao.InvocationCountTest" name="sum" time="0.001"/>
  <system-out/>
  <testcase classname="com.nk.dao.InvocationCountTest" name="sum" time="0.000"/>
  <system-out/>
  <testcase classname="com.nk.dao.InvocationCountTest" name="sum" time="0.001"/>
  <system-out/>
  <testcase classname="com.nk.dao.InvocationCountTest" name="sum" time="0.001"/>
  <system-out/>
</testsuite> <!-- com.nk.dao.InvocationCountTest -->
