<?xml version="1.0" encoding="UTF-8"?>
<!-- Generated by org.testng.reporters.JUnitReportReporter -->
<testsuite hostname="DESKTOP-6GJR34A" failures="0" tests="6" name="com.nk.dao.GoogleTest" time="26.044" errors="0" timestamp="2022-03-27T16:35:57 IST" skipped="0">
  <testcase classname="com.nk.dao.GoogleTest" name="googleTitleTest" time="4.263"/>
  <system-out/>
  <testcase classname="com.nk.dao.GoogleTest" name="googleLogoTest" time="3.350"/>
  <system-out/>
  <testcase classname="com.nk.dao.GoogleTest" name="mailLinkTest" time="3.132"/>
  <system-out/>
  <testcase classname="com.nk.dao.GoogleTest" name="Test3" time="3.575"/>
  <system-out/>
  <testcase classname="com.nk.dao.GoogleTest" name="Test4" time="8.314"/>
  <system-out/>
  <testcase classname="com.nk.dao.GoogleTest" name="Test5" time="3.410"/>
  <system-out/>
</testsuite> <!-- com.nk.dao.GoogleTest -->
