<?xml version="1.0" encoding="UTF-8"?>
<!-- Generated by org.testng.reporters.JUnitReportReporter -->
<testsuite hostname="DESKTOP-6GJR34A" failures="0" tests="2" name="com.nk.dao.TestNG" time="0.008" errors="0" timestamp="2022-03-27T02:48:01 IST" skipped="0">
  <testcase classname="com.nk.dao.TestNG" name="googleTitleTest" time="0.006"/>
  <system-out/>
  <testcase classname="com.nk.dao.TestNG" name="googleTitleTest2" time="0.002"/>
  <system-out/>
</testsuite> <!-- com.nk.dao.TestNG -->
