<?xml version="1.0" encoding="UTF-8"?>
<!-- Generated by org.testng.reporters.JUnitReportReporter -->
<testsuite hostname="DESKTOP-6GJR34A" failures="0" tests="1" name="com.inetbanking.testcases.TC_LoginTest_001" time="3.222" errors="0" timestamp="2022-04-06T00:51:18 IST" skipped="0">
  <testcase classname="com.inetbanking.testcases.TC_LoginTest_001" name="loginTest" time="3.222"/>
  <system-out/>
</testsuite> <!-- com.inetbanking.testcases.TC_LoginTest_001 -->
