<?xml version="1.0" encoding="UTF-8"?>
<!-- Generated by org.testng.reporters.JUnitReportReporter -->
<testsuite hostname="DESKTOP-6GJR34A" failures="0" tests="4" name="com.nk.dao.TestNGFeatures" time="0.003" errors="0" timestamp="2022-03-27T16:35:57 IST" skipped="0">
  <testcase classname="com.nk.dao.TestNGFeatures" name="SearchPageTest" time="0.001"/>
  <system-out/>
  <testcase classname="com.nk.dao.TestNGFeatures" name="loginTest" time="0.001"/>
  <system-out/>
  <testcase classname="com.nk.dao.TestNGFeatures" name="RegPageTest" time="0.000"/>
  <system-out/>
  <testcase classname="com.nk.dao.TestNGFeatures" name="HomePageTest" time="0.001"/>
  <system-out/>
</testsuite> <!-- com.nk.dao.TestNGFeatures -->
